Start testing: Feb 13 23:00 EST
----------------------------------------------------------
1/5 Testing: TutorialRuns
1/5 Test: TutorialRuns
Command: "/cygdrive/c/users/forbeb/Desktop/CMAKE2/Step3/MathFunctions/Tutorial" "25"
Directory: /cygdrive/c/users/forbeb/Desktop/CMAKE2/Step3/MathFunctions
"TutorialRuns" start time: Feb 13 23:00 EST
Output:
----------------------------------------------------------
The square root of 25 is 5
<end of output>
Test time =   0.09 sec
----------------------------------------------------------
Test Passed.
"TutorialRuns" end time: Feb 13 23:00 EST
"TutorialRuns" time elapsed: 00:00:00
----------------------------------------------------------

2/5 Testing: TutorialComp25
2/5 Test: TutorialComp25
Command: "/cygdrive/c/users/forbeb/Desktop/CMAKE2/Step3/MathFunctions/Tutorial" "25"
Directory: /cygdrive/c/users/forbeb/Desktop/CMAKE2/Step3/MathFunctions
"TutorialComp25" start time: Feb 13 23:00 EST
Output:
----------------------------------------------------------
The square root of 25 is 5
<end of output>
Test time =   0.08 sec
----------------------------------------------------------
Test Pass Reason:
Required regular expression found.Regex=[25 is 5
]
"TutorialComp25" end time: Feb 13 23:00 EST
"TutorialComp25" time elapsed: 00:00:00
----------------------------------------------------------

3/5 Testing: TutorialNegative
3/5 Test: TutorialNegative
Command: "/cygdrive/c/users/forbeb/Desktop/CMAKE2/Step3/MathFunctions/Tutorial" "-25"
Directory: /cygdrive/c/users/forbeb/Desktop/CMAKE2/Step3/MathFunctions
"TutorialNegative" start time: Feb 13 23:00 EST
Output:
----------------------------------------------------------
The square root of -25 is nan
<end of output>
Test time =   0.08 sec
----------------------------------------------------------
Test Fail Reason:
Required regular expression not found.Regex=[-25 is 0
]
"TutorialNegative" end time: Feb 13 23:00 EST
"TutorialNegative" time elapsed: 00:00:00
----------------------------------------------------------

4/5 Testing: TutorialSmall
4/5 Test: TutorialSmall
Command: "/cygdrive/c/users/forbeb/Desktop/CMAKE2/Step3/MathFunctions/Tutorial" "0.0001"
Directory: /cygdrive/c/users/forbeb/Desktop/CMAKE2/Step3/MathFunctions
"TutorialSmall" start time: Feb 13 23:00 EST
Output:
----------------------------------------------------------
The square root of 0.0001 is 0.01
<end of output>
Test time =   0.08 sec
----------------------------------------------------------
Test Pass Reason:
Required regular expression found.Regex=[0.0001 is 0.01
]
"TutorialSmall" end time: Feb 13 23:00 EST
"TutorialSmall" time elapsed: 00:00:00
----------------------------------------------------------

5/5 Testing: TutorialUsage
5/5 Test: TutorialUsage
Command: "/cygdrive/c/users/forbeb/Desktop/CMAKE2/Step3/MathFunctions/Tutorial"
Directory: /cygdrive/c/users/forbeb/Desktop/CMAKE2/Step3/MathFunctions
"TutorialUsage" start time: Feb 13 23:00 EST
Output:
----------------------------------------------------------
/cygdrive/c/users/forbeb/Desktop/CMAKE2/Step3/MathFunctions/Tutorial Version 1.0
Usage: /cygdrive/c/users/forbeb/Desktop/CMAKE2/Step3/MathFunctions/Tutorial number
<end of output>
Test time =   0.08 sec
----------------------------------------------------------
Test Pass Reason:
Required regular expression found.Regex=[Usage:.*number
]
"TutorialUsage" end time: Feb 13 23:00 EST
"TutorialUsage" time elapsed: 00:00:00
----------------------------------------------------------

End testing: Feb 13 23:00 EST
